This is pdfTeX, Version 3.1415926-2.4-1.40.13 (MiKTeX 2.9 64-bit) (preloaded format=pdflatex 2014.2.11)  25 NOV 2015 02:07
entering extended mode
**report.tex
(E:\Dropbox\Dropbox\TechnicalReport\report.tex
LaTeX2e <2011/06/27>
Babel <v3.8m> and hyphenation patterns for english, afrikaans, ancientgreek, ar
abic, armenian, assamese, basque, bengali, bokmal, bulgarian, catalan, coptic, 
croatian, czech, danish, dutch, esperanto, estonian, farsi, finnish, french, ga
lician, german, german-x-2012-05-30, greek, gujarati, hindi, hungarian, iceland
ic, indonesian, interlingua, irish, italian, kannada, kurmanji, latin, latvian,
 lithuanian, malayalam, marathi, mongolian, mongolianlmc, monogreek, ngerman, n
german-x-2012-05-30, nynorsk, oriya, panjabi, pinyin, polish, portuguese, roman
ian, russian, sanskrit, serbian, slovak, slovenian, spanish, swedish, swissgerm
an, tamil, telugu, turkish, turkmen, ukenglish, ukrainian, uppersorbian, usengl
ishmax, welsh, loaded.
(E:\Dropbox\Dropbox\TechnicalReport\sigplanconf.cls
Document Class: sigplanconf 2013/07/02 v2.8 ACM SIGPLAN Proceedings
\@numheaddepth=\count79
("C:\Program Files\MiKTeX 2.9\tex\latex\base\article.cls"
Document Class: article 2007/10/19 v1.4h Standard LaTeX document class
("C:\Program Files\MiKTeX 2.9\tex\latex\base\size10.clo"
File: size10.clo 2007/10/19 v1.4h Standard LaTeX file (size option)
)
\c@part=\count80
\c@section=\count81
\c@subsection=\count82
\c@subsubsection=\count83
\c@paragraph=\count84
\c@subparagraph=\count85
\c@figure=\count86
\c@table=\count87
\abovecaptionskip=\skip41
\belowcaptionskip=\skip42
\bibindent=\dimen102
)
\standardtextwidth=\dimen103
\standardvspace=\skip43

Using natbib package with 'numbers' citation style.
("C:\Program Files\MiKTeX 2.9\tex\latex\natbib\natbib.sty"
Package: natbib 2010/09/13 8.31b (PWD, AO)
\bibhang=\skip44
\bibsep=\skip45
LaTeX Info: Redefining \cite on input line 694.
\c@NAT@ctr=\count88
)
\@sectionaboveskip=\skip46
\@sectionbelowskip=\skip47
\@subsectionaboveskip=\skip48
\@subsectionbelowskip=\skip49
\@paragraphaboveskip=\skip50
\@authorcount=\count89
\@titlenotecount=\count90
\@titlenotetext=\toks14
\@fnmark=\toks15
\@authori=\count91
\@measbox=\box26
)
("C:\Program Files\MiKTeX 2.9\tex\latex\psnfss\times.sty"
Package: times 2005/04/12 PSNFSS-v9.2a (SPQR) 
)
("C:\Program Files\MiKTeX 2.9\tex\latex\graphics\graphicx.sty"
Package: graphicx 1999/02/16 v1.0f Enhanced LaTeX Graphics (DPC,SPQR)

("C:\Program Files\MiKTeX 2.9\tex\latex\graphics\keyval.sty"
Package: keyval 1999/03/16 v1.13 key=value parser (DPC)
\KV@toks@=\toks16
)
("C:\Program Files\MiKTeX 2.9\tex\latex\graphics\graphics.sty"
Package: graphics 2009/02/05 v1.0o Standard LaTeX Graphics (DPC,SPQR)

("C:\Program Files\MiKTeX 2.9\tex\latex\graphics\trig.sty"
Package: trig 1999/03/16 v1.09 sin cos tan (DPC)
)
("C:\Program Files\MiKTeX 2.9\tex\latex\00miktex\graphics.cfg"
File: graphics.cfg 2007/01/18 v1.5 graphics configuration of teTeX/TeXLive
)
Package graphics Info: Driver file: pdftex.def on input line 91.

("C:\Program Files\MiKTeX 2.9\tex\latex\pdftex-def\pdftex.def"
File: pdftex.def 2011/05/27 v0.06d Graphics/color for pdfTeX

("C:\Program Files\MiKTeX 2.9\tex\generic\oberdiek\infwarerr.sty"
Package: infwarerr 2010/04/08 v1.3 Providing info/warning/error messages (HO)
)
("C:\Program Files\MiKTeX 2.9\tex\generic\oberdiek\ltxcmds.sty"
Package: ltxcmds 2011/11/09 v1.22 LaTeX kernel commands for general use (HO)
)
\Gread@gobject=\count92
))
\Gin@req@height=\dimen104
\Gin@req@width=\dimen105
)
("C:\Program Files\MiKTeX 2.9\tex\latex\datetime\datetime.sty"
Package: datetime 2010/09/21 v2.58 Date Time Package

("C:\Program Files\MiKTeX 2.9\tex\latex\fmtcount\fmtcount.sty"
Package: fmtcount 2012/10/24 v2.02

("C:\Program Files\MiKTeX 2.9\tex\latex\base\ifthen.sty"
Package: ifthen 2001/05/26 v1.1c Standard LaTeX ifthen package (DPC)
)
("C:\Program Files\MiKTeX 2.9\tex\latex\etoolbox\etoolbox.sty"
Package: etoolbox 2011/01/03 v2.1 e-TeX tools for LaTeX

("C:\Program Files\MiKTeX 2.9\tex\latex\misc\etex.sty"
Package: etex 1998/03/26 v2.0 eTeX basic definition package (PEB)
\et@xins=\count93
)
\etb@tempcnta=\count94
)
("C:\Program Files\MiKTeX 2.9\tex\latex\fmtcount\fcprefix.sty"
Package: fcprefix 2012/09/28

("C:\Program Files\MiKTeX 2.9\tex\latex\fmtcount\fcnumparser.sty"
Package: fcnumparser 2012/09/28
\fc@digit@counter=\count95
))
("C:\Program Files\MiKTeX 2.9\tex\latex\amsmath\amsgen.sty"
File: amsgen.sty 1999/11/30 v2.0
\@emptytoks=\toks17
\ex@=\dimen106
)
\c@padzeroesN=\count96
\fc@tmpcatcode=\count97
\@DT@modctr=\count98
\@ordinalctr=\count99
\@orgargctr=\count100
\@strctr=\count101
\@tmpstrctr=\count102
\@DT@loopN=\count103
\@DT@X=\count104

("C:\Program Files\MiKTeX 2.9\tex\latex\fmtcount\fc-english.def"
File: fc-english.def 2012/06/18
))
\@day=\count105
\@month=\count106
\@year=\count107
\c@HOUR=\count108
\c@HOURXII=\count109
\c@MINUTE=\count110
\c@TOHOUR=\count111
\c@TOMINUTE=\count112
\c@SECOND=\count113
\currenthour=\count114
\currentminute=\count115
\currentsecond=\count116
Package datetime Info: No datetime.cfg file found, using default settings on in
put line 292.
\@dtctr=\count117
\dayofyear=\count118
\dayofweek=\count119
LaTeX Info: Redefining \today on input line 724.
\dt@a=\toks18
\dt@b=\toks19
)
("C:\Program Files\MiKTeX 2.9\tex\latex\ltxmisc\url.sty"
\Urlmuskip=\muskip10
Package: url 2006/04/12  ver 3.3  Verb mode for urls, etc.
)
("C:\Program Files\MiKTeX 2.9\tex\latex\hyperref\hyperref.sty"
Package: hyperref 2012/11/06 v6.83m Hypertext links for LaTeX

("C:\Program Files\MiKTeX 2.9\tex\generic\oberdiek\hobsub-hyperref.sty"
Package: hobsub-hyperref 2012/04/25 v1.12 Bundle oberdiek, subset hyperref (HO)


("C:\Program Files\MiKTeX 2.9\tex\generic\oberdiek\hobsub-generic.sty"
Package: hobsub-generic 2012/04/25 v1.12 Bundle oberdiek, subset generic (HO)
Package: hobsub 2012/04/25 v1.12 Construct package bundles (HO)
Package hobsub Info: Skipping package `infwarerr' (already loaded).
Package hobsub Info: Skipping package `ltxcmds' (already loaded).
Package: ifluatex 2010/03/01 v1.3 Provides the ifluatex switch (HO)
Package ifluatex Info: LuaTeX not detected.
Package: ifvtex 2010/03/01 v1.5 Detect VTeX and its facilities (HO)
Package ifvtex Info: VTeX not detected.
Package: intcalc 2007/09/27 v1.1 Expandable calculations with integers (HO)
Package: ifpdf 2011/01/30 v2.3 Provides the ifpdf switch (HO)
Package ifpdf Info: pdfTeX in PDF mode is detected.
Package: etexcmds 2011/02/16 v1.5 Avoid name clashes with e-TeX commands (HO)
Package etexcmds Info: Could not find \expanded.
(etexcmds)             That can mean that you are not using pdfTeX 1.50 or
(etexcmds)             that some package has redefined \expanded.
(etexcmds)             In the latter case, load this package earlier.
Package: kvsetkeys 2012/04/25 v1.16 Key value parser (HO)
Package: kvdefinekeys 2011/04/07 v1.3 Define keys (HO)
Package: pdftexcmds 2011/11/29 v0.20 Utility functions of pdfTeX for LuaTeX (HO
)
Package pdftexcmds Info: LuaTeX not detected.
Package pdftexcmds Info: \pdf@primitive is available.
Package pdftexcmds Info: \pdf@ifprimitive is available.
Package pdftexcmds Info: \pdfdraftmode found.
Package: pdfescape 2011/11/25 v1.13 Implements pdfTeX's escape features (HO)
Package: bigintcalc 2012/04/08 v1.3 Expandable calculations on big integers (HO
)
Package: bitset 2011/01/30 v1.1 Handle bit-vector datatype (HO)
Package: uniquecounter 2011/01/30 v1.2 Provide unlimited unique counter (HO)
)
Package hobsub Info: Skipping package `hobsub' (already loaded).
Package: letltxmacro 2010/09/02 v1.4 Let assignment for LaTeX macros (HO)
Package: hopatch 2011/06/24 v1.1 Wrapper for package hooks (HO)
Package: xcolor-patch 2011/01/30 xcolor patch
Package: atveryend 2011/06/30 v1.8 Hooks at the very end of document (HO)
Package: atbegshi 2011/10/05 v1.16 At begin shipout hook (HO)
Package: refcount 2011/10/16 v3.4 Data extraction from label references (HO)
Package: hycolor 2011/01/30 v1.7 Color options for hyperref/bookmark (HO)
)
("C:\Program Files\MiKTeX 2.9\tex\generic\ifxetex\ifxetex.sty"
Package: ifxetex 2010/09/12 v0.6 Provides ifxetex conditional
)
("C:\Program Files\MiKTeX 2.9\tex\latex\oberdiek\auxhook.sty"
Package: auxhook 2011/03/04 v1.3 Hooks for auxiliary files (HO)
)
("C:\Program Files\MiKTeX 2.9\tex\latex\oberdiek\kvoptions.sty"
Package: kvoptions 2011/06/30 v3.11 Key value format for package options (HO)
)
\@linkdim=\dimen107
\Hy@linkcounter=\count120
\Hy@pagecounter=\count121

("C:\Program Files\MiKTeX 2.9\tex\latex\hyperref\pd1enc.def"
File: pd1enc.def 2012/11/06 v6.83m Hyperref: PDFDocEncoding definition (HO)
)
\Hy@SavedSpaceFactor=\count122

("C:\Program Files\MiKTeX 2.9\tex\latex\00miktex\hyperref.cfg"
File: hyperref.cfg 2002/06/06 v1.2 hyperref configuration of TeXLive
)
Package hyperref Info: Hyper figures OFF on input line 4443.
Package hyperref Info: Link nesting OFF on input line 4448.
Package hyperref Info: Hyper index ON on input line 4451.
Package hyperref Info: Plain pages OFF on input line 4458.
Package hyperref Info: Backreferencing OFF on input line 4463.
Package hyperref Info: Implicit mode ON; LaTeX internals redefined.
Package hyperref Info: Bookmarks ON on input line 4688.
\c@Hy@tempcnt=\count123
LaTeX Info: Redefining \url on input line 5041.
\XeTeXLinkMargin=\dimen108
\Fld@menulength=\count124
\Field@Width=\dimen109
\Fld@charsize=\dimen110
Package hyperref Info: Hyper figures OFF on input line 6295.
Package hyperref Info: Link nesting OFF on input line 6300.
Package hyperref Info: Hyper index ON on input line 6303.
Package hyperref Info: backreferencing OFF on input line 6310.
Package hyperref Info: Link coloring OFF on input line 6315.
Package hyperref Info: Link coloring with OCG OFF on input line 6320.
Package hyperref Info: PDF/A mode OFF on input line 6325.
LaTeX Info: Redefining \ref on input line 6365.
LaTeX Info: Redefining \pageref on input line 6369.
\Hy@abspage=\count125
\c@Item=\count126
\c@Hfootnote=\count127
)

Package hyperref Message: Driver (autodetected): hpdftex.

("C:\Program Files\MiKTeX 2.9\tex\latex\hyperref\hpdftex.def"
File: hpdftex.def 2012/11/06 v6.83m Hyperref driver for pdfTeX
\Fld@listcount=\count128
\c@bookmark@seq@number=\count129

("C:\Program Files\MiKTeX 2.9\tex\latex\oberdiek\rerunfilecheck.sty"
Package: rerunfilecheck 2011/04/15 v1.7 Rerun checks for auxiliary files (HO)
Package uniquecounter Info: New unique counter `rerunfilecheck' on input line 2
82.
)
\Hy@SectionHShift=\skip51
)
(E:\Dropbox\Dropbox\TechnicalReport\report.aux)
LaTeX Font Info:    Checking defaults for OML/cmm/m/it on input line 17.
LaTeX Font Info:    ... okay on input line 17.
LaTeX Font Info:    Checking defaults for T1/cmr/m/n on input line 17.
LaTeX Font Info:    ... okay on input line 17.
LaTeX Font Info:    Checking defaults for OT1/cmr/m/n on input line 17.
LaTeX Font Info:    ... okay on input line 17.
LaTeX Font Info:    Checking defaults for OMS/cmsy/m/n on input line 17.
LaTeX Font Info:    ... okay on input line 17.
LaTeX Font Info:    Checking defaults for OMX/cmex/m/n on input line 17.
LaTeX Font Info:    ... okay on input line 17.
LaTeX Font Info:    Checking defaults for U/cmr/m/n on input line 17.
LaTeX Font Info:    ... okay on input line 17.
LaTeX Font Info:    Checking defaults for PD1/pdf/m/n on input line 17.
LaTeX Font Info:    ... okay on input line 17.
LaTeX Font Info:    Try loading font information for OT1+ptm on input line 17.

("C:\Program Files\MiKTeX 2.9\tex\latex\psnfss\ot1ptm.fd"
File: ot1ptm.fd 2001/06/04 font definitions for OT1/ptm.
)
("C:\Program Files\MiKTeX 2.9\tex\context\base\supp-pdf.mkii"
[Loading MPS to PDF converter (version 2006.09.02).]
\scratchcounter=\count130
\scratchdimen=\dimen111
\scratchbox=\box27
\nofMPsegments=\count131
\nofMParguments=\count132
\everyMPshowfont=\toks20
\MPscratchCnt=\count133
\MPscratchDim=\dimen112
\MPnumerator=\count134
\makeMPintoPDFobject=\count135
\everyMPtoPDFconversion=\toks21
)
\AtBeginShipoutBox=\box28
Package hyperref Info: Link coloring OFF on input line 17.
 ("C:\Program Files\MiKTeX 2.9\tex\latex\hyperref\nameref.sty"
Package: nameref 2012/10/27 v2.43 Cross-referencing by name of section

("C:\Program Files\MiKTeX 2.9\tex\generic\oberdiek\gettitlestring.sty"
Package: gettitlestring 2010/12/03 v1.4 Cleanup title references (HO)
)
\c@section@level=\count136
)
LaTeX Info: Redefining \ref on input line 17.
LaTeX Info: Redefining \pageref on input line 17.
LaTeX Info: Redefining \nameref on input line 17.

(E:\Dropbox\Dropbox\TechnicalReport\report.out)
(E:\Dropbox\Dropbox\TechnicalReport\report.out)
\@outlinefile=\write3
LaTeX Font Info:    Font shape `OT1/ptm/bx/n' in size <17.28> not available
(Font)              Font shape `OT1/ptm/b/n' tried instead on input line 21.
LaTeX Font Info:    Try loading font information for OT1+phv on input line 21.

("C:\Program Files\MiKTeX 2.9\tex\latex\psnfss\ot1phv.fd"
File: ot1phv.fd 2001/06/04 scalable font definitions for OT1/phv.
)
LaTeX Font Info:    Font shape `OT1/ptm/bx/n' in size <12> not available
(Font)              Font shape `OT1/ptm/b/n' tried instead on input line 23.

Overfull \hbox (4.39745pt too wide) in paragraph at lines 41--42
[]\OT1/ptm/m/n/10 To ad-dress this precision-efficiency bot-tle-neck, re-search
ers
 []


Underfull \vbox (badness 10000) has occurred while \output is active []

 [1{C:/ProgramData/MiKTeX/2.9/pdftex/config/pdftex.map}


]
LaTeX Font Info:    Font shape `OT1/ptm/bx/n' in size <10> not available
(Font)              Font shape `OT1/ptm/b/n' tried instead on input line 63.

<Figures/epcmodel.pdf, id=120, 457.10774pt x 372.79274pt>
File: Figures/epcmodel.pdf Graphic file (type pdf)

<use Figures/epcmodel.pdf>
Package pdftex.def Info: Figures/epcmodel.pdf used on input line 68.
(pdftex.def)             Requested size: 159.9901pt x 130.4794pt.
LaTeX Font Info:    External font `cmex10' loaded for size
(Font)              <7> on input line 76.
LaTeX Font Info:    External font `cmex10' loaded for size
(Font)              <5> on input line 76.

<Figures/dtccompmodel.pdf, id=122, 1245.45305pt x 404.712pt>
File: Figures/dtccompmodel.pdf Graphic file (type pdf)

<use Figures/dtccompmodel.pdf>
Package pdftex.def Info: Figures/dtccompmodel.pdf used on input line 85.
(pdftex.def)             Requested size: 498.17241pt x 161.88193pt.

<Figures/ppphase.pdf, id=129, 861.2175pt x 160.1985pt>
File: Figures/ppphase.pdf Graphic file (type pdf)

<use Figures/ppphase.pdf>
Package pdftex.def Info: Figures/ppphase.pdf used on input line 106.
(pdftex.def)             Requested size: 430.6077pt x 80.09904pt.

<Figures/compphases.pdf, id=130, 920.84027pt x 317.38576pt>
File: Figures/compphases.pdf Graphic file (type pdf)

<use Figures/compphases.pdf>
Package pdftex.def Info: Figures/compphases.pdf used on input line 114.
(pdftex.def)             Requested size: 460.419pt x 158.69249pt.

<Figures/partfmt.pdf, id=131, 229.45726pt x 299.31827pt>
File: Figures/partfmt.pdf Graphic file (type pdf)

<use Figures/partfmt.pdf>
Package pdftex.def Info: Figures/partfmt.pdf used on input line 126.
(pdftex.def)             Requested size: 114.72833pt x 149.65877pt.
 [2 <E:/Dropbox/Dropbox/TechnicalReport/Figures/epcmodel.pdf>]
Underfull \vbox (badness 10000) has occurred while \output is active []


<Figures/lddesign.pdf, id=153, 778.70924pt x 426.99524pt>
File: Figures/lddesign.pdf Graphic file (type pdf)

<use Figures/lddesign.pdf>
Package pdftex.def Info: Figures/lddesign.pdf used on input line 143.
(pdftex.def)             Requested size: 451.65169pt x 247.65741pt.
LaTeX Font Info:    Try loading font information for OT1+pcr on input line 149.


("C:\Program Files\MiKTeX 2.9\tex\latex\psnfss\ot1pcr.fd"
File: ot1pcr.fd 2001/06/04 font definitions for OT1/pcr.
)
Underfull \vbox (badness 10000) has occurred while \output is active []

 [3 <E:/Dropbox/Dropbox/TechnicalReport/Figures/dtccompmodel.pdf> <E:/Dropbox/D
ropbox/TechnicalReport/Figures/ppphase.pdf

pdfTeX warning: pdflatex.exe (file E:/Dropbox/Dropbox/TechnicalReport/Figures/p
pphase.pdf): PDF inclusion: multiple pdfs with page group included in a single 
page
> <E:/Dropbox/Dropbox/TechnicalReport/Figures/compphases.pdf

pdfTeX warning: pdflatex.exe (file E:/Dropbox/Dropbox/TechnicalReport/Figures/c
ompphases.pdf): PDF inclusion: multiple pdfs with page group included in a sing
le page
>] <Figures/lvi.pdf, id=171, 210.7875pt x 142.73325pt>
File: Figures/lvi.pdf Graphic file (type pdf)
 <use Figures/lvi.pdf>
Package pdftex.def Info: Figures/lvi.pdf used on input line 153.
(pdftex.def)             Requested size: 115.93347pt x 78.50351pt.

<Figures/newedgelsts.pdf, id=173, 831.105pt x 460.11899pt>
File: Figures/newedgelsts.pdf Graphic file (type pdf)

<use Figures/newedgelsts.pdf>
Package pdftex.def Info: Figures/newedgelsts.pdf used on input line 166.
(pdftex.def)             Requested size: 365.68733pt x 202.45297pt.

<Figures/newedgelstsencap.pdf, id=176, 872.05798pt x 443.25601pt>
File: Figures/newedgelstsencap.pdf Graphic file (type pdf)

<use Figures/newedgelstsencap.pdf>
Package pdftex.def Info: Figures/newedgelstsencap.pdf used on input line 176.
(pdftex.def)             Requested size: 235.4588pt x 119.68071pt.

<Figures/multithrd1.pdf, id=177, 664.28174pt x 440.24475pt>
File: Figures/multithrd1.pdf Graphic file (type pdf)

<use Figures/multithrd1.pdf>
Package pdftex.def Info: Figures/multithrd1.pdf used on input line 188.
(pdftex.def)             Requested size: 332.14005pt x 220.12184pt.
 [4 <E:/Dropbox/Dropbox/TechnicalReport/Figures/lddesign.pdf> <E:/Dropbox/Dropb
ox/TechnicalReport/Figures/partfmt.pdf

pdfTeX warning: pdflatex.exe (file E:/Dropbox/Dropbox/TechnicalReport/Figures/p
artfmt.pdf): PDF inclusion: multiple pdfs with page group included in a single 
page
> <E:/Dropbox/Dropbox/TechnicalReport/Figures/lvi.pdf

pdfTeX warning: pdflatex.exe (file E:/Dropbox/Dropbox/TechnicalReport/Figures/l
vi.pdf): PDF inclusion: multiple pdfs with page group included in a single page

>] <Figures/alt.pdf, id=199, 667.89528pt x 413.74576pt>
File: Figures/alt.pdf Graphic file (type pdf)
 <use Figures/alt.pdf>
Package pdftex.def Info: Figures/alt.pdf used on input line 204.
(pdftex.def)             Requested size: 400.74025pt x 248.24937pt.

Underfull \vbox (badness 10000) has occurred while \output is active []


Underfull \vbox (badness 10000) has occurred while \output is active []

 [5 <E:/Dropbox/Dropbox/TechnicalReport/Figures/newedgelsts.pdf> <E:/Dropbox/Dr
opbox/TechnicalReport/Figures/multithrd1.pdf

pdfTeX warning: pdflatex.exe (file E:/Dropbox/Dropbox/TechnicalReport/Figures/m
ultithrd1.pdf): PDF inclusion: multiple pdfs with page group included in a sing
le page
>] <Figures/partmgtdemo.pdf, id=216, 971.42924pt x 348.70274pt>
File: Figures/partmgtdemo.pdf Graphic file (type pdf)

<use Figures/partmgtdemo.pdf>
Package pdftex.def Info: Figures/partmgtdemo.pdf used on input line 230.
(pdftex.def)             Requested size: 437.13911pt x 156.91476pt.

Underfull \vbox (badness 10000) has occurred while \output is active []

 [6 <E:/Dropbox/Dropbox/TechnicalReport/Figures/alt.pdf> <E:/Dropbox/Dropbox/Te
chnicalReport/Figures/newedgelstsencap.pdf

pdfTeX warning: pdflatex.exe (file E:/Dropbox/Dropbox/TechnicalReport/Figures/n
ewedgelstsencap.pdf): PDF inclusion: multiple pdfs with page group included in 
a single page
>] <Figures/scheddsgn.pdf, id=231, 894.34125pt x 278.84174pt>
File: Figures/scheddsgn.pdf Graphic file (type pdf)

<use Figures/scheddsgn.pdf>
Package pdftex.def Info: Figures/scheddsgn.pdf used on input line 257.
(pdftex.def)             Requested size: 232.52324pt x 72.49713pt.

Overfull \hbox (1.00789pt too wide) in paragraph at lines 269--270
\OT1/ptm/m/n/10 In this sec-tion, we out-line our plan for eval-u-at-ing GraphD
TC.
 []


Underfull \vbox (badness 10000) has occurred while \output is active []

 [7 <E:/Dropbox/Dropbox/TechnicalReport/Figures/partmgtdemo.pdf> <E:/Dropbox/Dr
opbox/TechnicalReport/Figures/scheddsgn.pdf

pdfTeX warning: pdflatex.exe (file E:/Dropbox/Dropbox/TechnicalReport/Figures/s
cheddsgn.pdf): PDF inclusion: multiple pdfs with page group included in a singl
e page
>] (E:\Dropbox\Dropbox\TechnicalReport\report.bbl
LaTeX Font Info:    External font `cmex10' loaded for size
(Font)              <9> on input line 5.
LaTeX Font Info:    External font `cmex10' loaded for size
(Font)              <6> on input line 5.

Underfull \hbox (badness 6526) in paragraph at lines 45--49
[]\OT1/ptm/m/sc/9 Kyrola, A., Blel-loch, G., and Guestrin, C.
 []


Underfull \hbox (badness 1348) in paragraph at lines 66--71
\OT1/ptm/m/sc/9 Ky-rola, A., and Heller-stein, J. M.  \OT1/ptm/m/n/9 Dis-tribut
ed
 []

[8]
Underfull \hbox (badness 3460) in paragraph at lines 106--110
[]\OT1/ptm/m/sc/9 Weiss, C., Rubio-Gonz[]alez, C., and Li-b-lit, B.
 []

)
Package atveryend Info: Empty hook `BeforeClearDocument' on input line 308.
 [9

]
Package atveryend Info: Empty hook `AfterLastShipout' on input line 308.
 (E:\Dropbox\Dropbox\TechnicalReport\report.aux)
Package atveryend Info: Executing hook `AtVeryEndDocument' on input line 308.
Package atveryend Info: Executing hook `AtEndAfterFileList' on input line 308.
Package rerunfilecheck Info: File `report.out' has not changed.
(rerunfilecheck)             Checksum: 6751DBC56A4486C479F8A28D3A81D952;1162.
 ) 
Here is how much of TeX's memory you used:
 6817 strings out of 493921
 97640 string characters out of 3147258
 199208 words of memory out of 3000000
 9963 multiletter control sequences out of 15000+200000
 25029 words of font info for 48 fonts, out of 3000000 for 9000
 841 hyphenation exceptions out of 8191
 37i,6n,30p,969b,496s stack positions out of 5000i,500n,10000p,200000b,50000s
{C:/Program Files/MiKTeX 2.9/fonts/enc/dvips/fontname/8r.enc}<C:/Program File
s/MiKTeX 2.9/fonts/type1/public/amsfonts/cm/cmmi10.pfb><C:/Program Files/MiKTeX
 2.9/fonts/type1/public/amsfonts/cm/cmmi5.pfb><C:/Program Files/MiKTeX 2.9/font
s/type1/public/amsfonts/cm/cmmi7.pfb><C:/Program Files/MiKTeX 2.9/fonts/type1/p
ublic/amsfonts/cm/cmr10.pfb><C:/Program Files/MiKTeX 2.9/fonts/type1/public/ams
fonts/cm/cmr7.pfb><C:/Program Files/MiKTeX 2.9/fonts/type1/urw/courier/ucrr8a.p
fb><C:/Program Files/MiKTeX 2.9/fonts/type1/urw/times/utmb8a.pfb><C:/Program Fi
les/MiKTeX 2.9/fonts/type1/urw/times/utmr8a.pfb><C:/Program Files/MiKTeX 2.9/fo
nts/type1/urw/times/utmri8a.pfb>
Output written on report.pdf (9 pages, 608802 bytes).
PDF statistics:
 320 PDF objects out of 1000 (max. 8388607)
 63 named destinations out of 1000 (max. 500000)
 202 words of extra memory for PDF output out of 10000 (max. 10000000)
